==========================================
errorlog
==========================================

[2019-11-02][02:05:35]Session opened.
[2019-11-02][02:06:54]Trying to send string to playerchang2but players is not connected.
[2019-11-02][02:06:54]Trying to send string to playerchang3but players is not connected.
[2019-11-02][02:06:54]Trying to send string to playerjerrybut players is not connected.
[2019-11-02][02:06:54]Trying to send string to playertombut players is not connected.
[2019-11-02][02:06:54]Trying to send string to playertonybut players is not connected.
[2019-11-02][02:06:54]Trying to send string to playertony2but players is not connected.
[2019-11-02][02:06:54]Trying to send string to playertony3but players is not connected.
[2019-11-02][02:06:54]Trying to send string to playertony4but players is not connected.
[2019-11-02][02:06:54]Trying to send string to playertony5but players is not connected.
[2019-11-02][02:06:54]Trying to send string to playertony6but players is not connected.
[2019-11-02][02:06:54]Trying to send string to playertony7but players is not connected.
[2019-11-02][02:08:29]Trying to send string to playerchang2but players is not connected.
[2019-11-02][02:08:29]Trying to send string to playerchang3but players is not connected.
[2019-11-02][02:08:29]Trying to send string to playertombut players is not connected.
[2019-11-02][02:08:29]Trying to send string to playertonybut players is not connected.
[2019-11-02][02:08:29]Trying to send string to playertony2but players is not connected.
[2019-11-02][02:08:29]Trying to send string to playertony3but players is not connected.
[2019-11-02][02:08:29]Trying to send string to playertony4but players is not connected.
[2019-11-02][02:08:29]Trying to send string to playertony5but players is not connected.
[2019-11-02][02:08:29]Trying to send string to playertony6but players is not connected.
[2019-11-02][02:08:29]Trying to send string to playertony7but players is not connected.
[2019-11-02][02:10:54]Session opened.
[2019-11-02][02:25:08]Session opened.
[2019-11-02][02:26:54]Session opened.
[2019-11-02][02:27:15]Trying to send string to playerchang2but players is not connected.
[2019-11-02][02:27:15]Trying to send string to playerchang3but players is not connected.
[2019-11-02][02:27:15]Trying to send string to playerjerrybut players is not connected.
[2019-11-02][02:27:15]Trying to send string to playertombut players is not connected.
[2019-11-02][02:27:15]Trying to send string to playertonybut players is not connected.
[2019-11-02][02:27:15]Trying to send string to playertony2but players is not connected.
[2019-11-02][02:27:15]Trying to send string to playertony3but players is not connected.
[2019-11-02][02:27:15]Trying to send string to playertony4but players is not connected.
[2019-11-02][02:27:15]Trying to send string to playertony5but players is not connected.
[2019-11-02][02:27:15]Trying to send string to playertony6but players is not connected.
[2019-11-02][02:27:15]Trying to send string to playertony7but players is not connected.
[2019-11-02][02:27:42]Trying to send string to playerchang2but players is not connected.
[2019-11-02][02:27:42]Trying to send string to playerchang3but players is not connected.
[2019-11-02][02:27:42]Trying to send string to playerjerrybut players is not connected.
[2019-11-02][02:27:42]Trying to send string to playertombut players is not connected.
[2019-11-02][02:27:42]Trying to send string to playertonybut players is not connected.
[2019-11-02][02:27:42]Trying to send string to playertony2but players is not connected.
[2019-11-02][02:27:42]Trying to send string to playertony3but players is not connected.
[2019-11-02][02:27:42]Trying to send string to playertony4but players is not connected.
[2019-11-02][02:27:42]Trying to send string to playertony5but players is not connected.
[2019-11-02][02:27:42]Trying to send string to playertony6but players is not connected.
[2019-11-02][02:27:42]Trying to send string to playertony7but players is not connected.
[2019-11-04][01:51:05]Session opened.
[2019-11-04][01:51:45]Session opened.
[2019-11-04][01:52:51]Session opened.
[2019-11-04][01:55:07]Session opened.
[2019-11-04][01:56:35]Session opened.
[2019-11-04][01:57:19]Session opened.
[2019-11-04][01:59:51]Session opened.
[2019-11-04][02:03:17]Session opened.
[2019-11-04][02:03:45]Session opened.
[2019-11-04][02:04:27]Session opened.
[2019-11-04][02:04:48]Session opened.
[2019-11-04][02:09:08]Session opened.
[2019-11-04][02:10:14]Session opened.
[2019-11-04][02:27:28]Session opened.
[2019-11-04][02:31:36]Session opened.
[2019-11-04][02:33:20]Trying to send string to playerchangbut players is not connected.
[2019-11-04][02:33:20]Trying to send string to playerchang2but players is not connected.
[2019-11-04][02:33:20]Trying to send string to playerchang3but players is not connected.
[2019-11-04][02:33:20]Trying to send string to playertombut players is not connected.
[2019-11-04][02:33:20]Trying to send string to playertonybut players is not connected.
[2019-11-04][02:33:20]Trying to send string to playertony2but players is not connected.
[2019-11-04][02:33:20]Trying to send string to playertony3but players is not connected.
[2019-11-04][02:33:20]Trying to send string to playertony4but players is not connected.
[2019-11-04][02:33:20]Trying to send string to playertony5but players is not connected.
[2019-11-04][02:33:20]Trying to send string to playertony6but players is not connected.
[2019-11-04][02:33:20]Trying to send string to playertony7but players is not connected.
[2019-11-04][02:34:04]Session opened.
[2019-11-04][02:34:19]Trying to send string to playerchangbut players is not connected.
[2019-11-04][02:34:19]Trying to send string to playerchang2but players is not connected.
[2019-11-04][02:34:19]Trying to send string to playerchang3but players is not connected.
[2019-11-04][02:34:19]Trying to send string to playertombut players is not connected.
[2019-11-04][02:34:19]Trying to send string to playertonybut players is not connected.
[2019-11-04][02:34:19]Trying to send string to playertony2but players is not connected.
[2019-11-04][02:34:19]Trying to send string to playertony3but players is not connected.
[2019-11-04][02:34:19]Trying to send string to playertony4but players is not connected.
[2019-11-04][02:34:19]Trying to send string to playertony5but players is not connected.
[2019-11-04][02:34:19]Trying to send string to playertony6but players is not connected.
[2019-11-04][02:34:19]Trying to send string to playertony7but players is not connected.
[2019-11-04][02:36:52]Session opened.
[2019-11-04][02:37:17]Trying to send string to playerchangbut players is not connected.
[2019-11-04][02:37:17]Trying to send string to playerchang2but players is not connected.
[2019-11-04][02:37:17]Trying to send string to playerchang3but players is not connected.
[2019-11-04][02:37:17]Trying to send string to playertombut players is not connected.
[2019-11-04][02:37:17]Trying to send string to playertonybut players is not connected.
[2019-11-04][02:37:17]Trying to send string to playertony2but players is not connected.
[2019-11-04][02:37:17]Trying to send string to playertony3but players is not connected.
[2019-11-04][02:37:17]Trying to send string to playertony4but players is not connected.
[2019-11-04][02:37:17]Trying to send string to playertony5but players is not connected.
[2019-11-04][02:37:17]Trying to send string to playertony6but players is not connected.
[2019-11-04][02:37:17]Trying to send string to playertony7but players is not connected.
[2019-11-04][02:46:14]Session opened.
[2019-11-04][02:48:16]Session opened.
[2019-11-04][02:49:24]Session opened.
[2019-11-04][02:49:53]Trying to send string to playerchangbut players is not connected.
[2019-11-04][02:49:53]Trying to send string to playerchang2but players is not connected.
[2019-11-04][02:49:53]Trying to send string to playerchang3but players is not connected.
[2019-11-04][02:49:53]Trying to send string to playertombut players is not connected.
[2019-11-04][02:49:53]Trying to send string to playertonybut players is not connected.
[2019-11-04][02:49:53]Trying to send string to playertony2but players is not connected.
[2019-11-04][02:49:53]Trying to send string to playertony3but players is not connected.
[2019-11-04][02:49:53]Trying to send string to playertony4but players is not connected.
[2019-11-04][02:49:53]Trying to send string to playertony5but players is not connected.
[2019-11-04][02:49:53]Trying to send string to playertony6but players is not connected.
[2019-11-04][02:49:53]Trying to send string to playertony7but players is not connected.
[2019-11-04][02:56:55]Session opened.
[2019-11-04][02:57:17]Session opened.
[2019-11-04][02:58:32]Trying to send string to playerchangbut players is not connected.
[2019-11-04][02:58:32]Trying to send string to playerchang2but players is not connected.
[2019-11-04][02:58:32]Trying to send string to playerchang3but players is not connected.
[2019-11-04][02:58:32]Trying to send string to playertombut players is not connected.
[2019-11-04][02:58:32]Trying to send string to playertonybut players is not connected.
[2019-11-04][02:58:32]Trying to send string to playertony2but players is not connected.
[2019-11-04][02:58:32]Trying to send string to playertony3but players is not connected.
[2019-11-04][02:58:32]Trying to send string to playertony4but players is not connected.
[2019-11-04][02:58:32]Trying to send string to playertony5but players is not connected.
[2019-11-04][02:58:32]Trying to send string to playertony6but players is not connected.
[2019-11-04][02:58:32]Trying to send string to playertony7but players is not connected.
[2019-11-04][03:03:11]Session opened.
[2019-11-04][03:08:31]Session opened.
[2019-11-04][03:09:23]Session opened.
[2019-11-04][03:13:10]Session opened.
[2019-11-04][03:14:28]Session opened.
[2019-11-04][03:15:31]Session opened.
[2019-11-04][03:15:47]Session opened.
[2019-11-04][03:16:04]Session opened.
[2019-11-04][03:16:23]Trying to send string to playerchangbut players is not connected.
[2019-11-04][03:16:23]Trying to send string to playerchang2but players is not connected.
[2019-11-04][03:16:23]Trying to send string to playerchang3but players is not connected.
[2019-11-04][03:16:23]Trying to send string to playertombut players is not connected.
[2019-11-04][03:16:23]Trying to send string to playertonybut players is not connected.
[2019-11-04][03:16:23]Trying to send string to playertony2but players is not connected.
[2019-11-04][03:16:23]Trying to send string to playertony3but players is not connected.
[2019-11-04][03:16:23]Trying to send string to playertony4but players is not connected.
[2019-11-04][03:16:23]Trying to send string to playertony5but players is not connected.
[2019-11-04][03:16:23]Trying to send string to playertony6but players is not connected.
[2019-11-04][03:16:23]Trying to send string to playertony7but players is not connected.
[2019-11-04][03:17:52]Session opened.
[2019-11-04][03:20:32]Trying to send string to playerchangbut players is not connected.
[2019-11-04][03:20:32]Trying to send string to playerchang2but players is not connected.
[2019-11-04][03:20:32]Trying to send string to playerchang3but players is not connected.
[2019-11-04][03:20:32]Trying to send string to playertombut players is not connected.
[2019-11-04][03:20:32]Trying to send string to playertonybut players is not connected.
[2019-11-04][03:20:32]Trying to send string to playertony2but players is not connected.
[2019-11-04][03:20:32]Trying to send string to playertony3but players is not connected.
[2019-11-04][03:20:32]Trying to send string to playertony4but players is not connected.
[2019-11-04][03:20:32]Trying to send string to playertony5but players is not connected.
[2019-11-04][03:20:32]Trying to send string to playertony6but players is not connected.
[2019-11-04][03:20:32]Trying to send string to playertony7but players is not connected.
[2019-11-04][03:26:14]Session opened.
[2019-11-04][03:26:31]Trying to send string to playerchangbut players is not connected.
[2019-11-04][03:26:31]Trying to send string to playerchang2but players is not connected.
[2019-11-04][03:26:31]Trying to send string to playerchang3but players is not connected.
[2019-11-04][03:26:31]Trying to send string to playertombut players is not connected.
[2019-11-04][03:26:31]Trying to send string to playertonybut players is not connected.
[2019-11-04][03:26:31]Trying to send string to playertony2but players is not connected.
[2019-11-04][03:26:31]Trying to send string to playertony3but players is not connected.
[2019-11-04][03:26:31]Trying to send string to playertony4but players is not connected.
[2019-11-04][03:26:31]Trying to send string to playertony5but players is not connected.
[2019-11-04][03:26:31]Trying to send string to playertony6but players is not connected.
[2019-11-04][03:26:31]Trying to send string to playertony7but players is not connected.
[2019-11-04][03:30:19]Session opened.
[2019-11-04][03:30:35]Trying to send string to playerchangbut players is not connected.
[2019-11-04][03:30:35]Trying to send string to playerchang2but players is not connected.
[2019-11-04][03:30:35]Trying to send string to playerchang3but players is not connected.
[2019-11-04][03:30:35]Trying to send string to playertombut players is not connected.
[2019-11-04][03:30:35]Trying to send string to playertonybut players is not connected.
[2019-11-04][03:30:35]Trying to send string to playertony2but players is not connected.
[2019-11-04][03:30:35]Trying to send string to playertony3but players is not connected.
[2019-11-04][03:30:35]Trying to send string to playertony4but players is not connected.
[2019-11-04][03:30:35]Trying to send string to playertony5but players is not connected.
[2019-11-04][03:30:35]Trying to send string to playertony6but players is not connected.
[2019-11-04][03:30:35]Trying to send string to playertony7but players is not connected.
[2019-11-04][03:32:07]Session opened.
[2019-11-04][03:32:35]Trying to send string to playerchangbut players is not connected.
[2019-11-04][03:32:35]Trying to send string to playerchang2but players is not connected.
[2019-11-04][03:32:35]Trying to send string to playerchang3but players is not connected.
[2019-11-04][03:32:35]Trying to send string to playertombut players is not connected.
[2019-11-04][03:32:35]Trying to send string to playertonybut players is not connected.
[2019-11-04][03:32:35]Trying to send string to playertony2but players is not connected.
[2019-11-04][03:32:35]Trying to send string to playertony3but players is not connected.
[2019-11-04][03:32:35]Trying to send string to playertony4but players is not connected.
[2019-11-04][03:32:35]Trying to send string to playertony5but players is not connected.
[2019-11-04][03:32:35]Trying to send string to playertony6but players is not connected.
[2019-11-04][03:32:35]Trying to send string to playertony7but players is not connected.
[2019-11-04][03:36:24]Session opened.
[2019-11-04][03:37:25]Session opened.
[2019-11-04][03:37:38]Trying to send string to playerchangbut players is not connected.
[2019-11-04][03:37:38]Trying to send string to playerchang2but players is not connected.
[2019-11-04][03:37:38]Trying to send string to playerchang3but players is not connected.
[2019-11-04][03:37:38]Trying to send string to playertombut players is not connected.
[2019-11-04][03:37:38]Trying to send string to playertonybut players is not connected.
[2019-11-04][03:37:38]Trying to send string to playertony2but players is not connected.
[2019-11-04][03:37:38]Trying to send string to playertony3but players is not connected.
[2019-11-04][03:37:38]Trying to send string to playertony4but players is not connected.
[2019-11-04][03:37:38]Trying to send string to playertony5but players is not connected.
[2019-11-04][03:37:38]Trying to send string to playertony6but players is not connected.
[2019-11-04][03:37:38]Trying to send string to playertony7but players is not connected.
[2019-11-04][03:52:02]Session opened.
[2019-11-04][03:52:16]Trying to send string to playerchangbut players is not connected.
[2019-11-04][03:52:16]Trying to send string to playerchang2but players is not connected.
[2019-11-04][03:52:16]Trying to send string to playerchang3but players is not connected.
[2019-11-04][03:52:16]Trying to send string to playertombut players is not connected.
[2019-11-04][03:52:16]Trying to send string to playertonybut players is not connected.
[2019-11-04][03:52:16]Trying to send string to playertony2but players is not connected.
[2019-11-04][03:52:16]Trying to send string to playertony3but players is not connected.
[2019-11-04][03:52:16]Trying to send string to playertony4but players is not connected.
[2019-11-04][03:52:16]Trying to send string to playertony5but players is not connected.
[2019-11-04][03:52:16]Trying to send string to playertony6but players is not connected.
[2019-11-04][03:52:16]Trying to send string to playertony7but players is not connected.
[2019-11-04][03:53:15]Session opened.
[2019-11-04][03:53:15]Session closed.
[2019-11-04][03:53:41]Session opened.
[2019-11-04][03:53:54]Trying to send string to playerchangbut players is not connected.
[2019-11-04][03:53:54]Trying to send string to playerchang2but players is not connected.
[2019-11-04][03:53:54]Trying to send string to playerchang3but players is not connected.
[2019-11-04][03:53:54]Trying to send string to playertombut players is not connected.
[2019-11-04][03:53:54]Trying to send string to playertonybut players is not connected.
[2019-11-04][03:53:54]Trying to send string to playertony2but players is not connected.
[2019-11-04][03:53:54]Trying to send string to playertony3but players is not connected.
[2019-11-04][03:53:54]Trying to send string to playertony4but players is not connected.
[2019-11-04][03:53:54]Trying to send string to playertony5but players is not connected.
[2019-11-04][03:53:54]Trying to send string to playertony6but players is not connected.
[2019-11-04][03:53:54]Trying to send string to playertony7but players is not connected.
[2019-11-04][03:54:00]Trying to send string to playerchangbut players is not connected.
[2019-11-04][03:54:00]Trying to send string to playerchang2but players is not connected.
[2019-11-04][03:54:00]Trying to send string to playerchang3but players is not connected.
[2019-11-04][03:54:00]Trying to send string to playertombut players is not connected.
[2019-11-04][03:54:00]Trying to send string to playertonybut players is not connected.
[2019-11-04][03:54:00]Trying to send string to playertony2but players is not connected.
[2019-11-04][03:54:00]Trying to send string to playertony3but players is not connected.
[2019-11-04][03:54:00]Trying to send string to playertony4but players is not connected.
[2019-11-04][03:54:00]Trying to send string to playertony5but players is not connected.
[2019-11-04][03:54:00]Trying to send string to playertony6but players is not connected.
[2019-11-04][03:54:00]Trying to send string to playertony7but players is not connected.
[2019-11-04][03:55:10]Session opened.
[2019-11-04][03:55:22]Trying to send string to playerchangbut players is not connected.
[2019-11-04][03:55:22]Trying to send string to playerchang2but players is not connected.
[2019-11-04][03:55:22]Trying to send string to playerchang3but players is not connected.
[2019-11-04][03:55:22]Trying to send string to playertombut players is not connected.
[2019-11-04][03:55:22]Trying to send string to playertonybut players is not connected.
[2019-11-04][03:55:22]Trying to send string to playertony2but players is not connected.
[2019-11-04][03:55:22]Trying to send string to playertony3but players is not connected.
[2019-11-04][03:55:22]Trying to send string to playertony4but players is not connected.
[2019-11-04][03:55:22]Trying to send string to playertony5but players is not connected.
[2019-11-04][03:55:22]Trying to send string to playertony6but players is not connected.
[2019-11-04][03:55:22]Trying to send string to playertony7but players is not connected.
[2019-11-04][03:57:07]Session opened.
[2019-11-04][03:57:17]Trying to send string to playerchangbut players is not connected.
[2019-11-04][03:57:17]Trying to send string to playerchang2but players is not connected.
[2019-11-04][03:57:17]Trying to send string to playerchang3but players is not connected.
[2019-11-04][03:57:17]Trying to send string to playertombut players is not connected.
[2019-11-04][03:57:17]Trying to send string to playertonybut players is not connected.
[2019-11-04][03:57:17]Trying to send string to playertony2but players is not connected.
[2019-11-04][03:57:17]Trying to send string to playertony3but players is not connected.
[2019-11-04][03:57:17]Trying to send string to playertony4but players is not connected.
[2019-11-04][03:57:17]Trying to send string to playertony5but players is not connected.
[2019-11-04][03:57:17]Trying to send string to playertony6but players is not connected.
[2019-11-04][03:57:17]Trying to send string to playertony7but players is not connected.
[2019-11-04][03:58:00]Session opened.
[2019-11-04][03:58:10]Trying to send string to playerchangbut players is not connected.
[2019-11-04][03:58:10]Trying to send string to playerchang2but players is not connected.
[2019-11-04][03:58:10]Trying to send string to playerchang3but players is not connected.
[2019-11-04][03:58:10]Trying to send string to playertombut players is not connected.
[2019-11-04][03:58:10]Trying to send string to playertonybut players is not connected.
[2019-11-04][03:58:10]Trying to send string to playertony2but players is not connected.
[2019-11-04][03:58:10]Trying to send string to playertony3but players is not connected.
[2019-11-04][03:58:10]Trying to send string to playertony4but players is not connected.
[2019-11-04][03:58:10]Trying to send string to playertony5but players is not connected.
[2019-11-04][03:58:10]Trying to send string to playertony6but players is not connected.
[2019-11-04][03:58:10]Trying to send string to playertony7but players is not connected.
[2019-11-04][04:00:05]Session opened.
[2019-11-04][04:00:20]Trying to send string to playerchangbut players is not connected.
[2019-11-04][04:00:20]Trying to send string to playerchang2but players is not connected.
[2019-11-04][04:00:20]Trying to send string to playerchang3but players is not connected.
[2019-11-04][04:00:20]Trying to send string to playertombut players is not connected.
[2019-11-04][04:00:20]Trying to send string to playertonybut players is not connected.
[2019-11-04][04:00:20]Trying to send string to playertony2but players is not connected.
[2019-11-04][04:00:20]Trying to send string to playertony3but players is not connected.
[2019-11-04][04:00:20]Trying to send string to playertony4but players is not connected.
[2019-11-04][04:00:20]Trying to send string to playertony5but players is not connected.
[2019-11-04][04:00:20]Trying to send string to playertony6but players is not connected.
[2019-11-04][04:00:20]Trying to send string to playertony7but players is not connected.
[2019-11-04][04:06:38]Session opened.
[2019-11-04][04:06:49]Trying to send string to playerchangbut players is not connected.
[2019-11-04][04:06:49]Trying to send string to playerchang2but players is not connected.
[2019-11-04][04:06:49]Trying to send string to playerchang3but players is not connected.
[2019-11-04][04:06:49]Trying to send string to playertombut players is not connected.
[2019-11-04][04:06:49]Trying to send string to playertonybut players is not connected.
[2019-11-04][04:06:49]Trying to send string to playertony2but players is not connected.
[2019-11-04][04:06:49]Trying to send string to playertony3but players is not connected.
[2019-11-04][04:06:49]Trying to send string to playertony4but players is not connected.
[2019-11-04][04:06:49]Trying to send string to playertony5but players is not connected.
[2019-11-04][04:06:49]Trying to send string to playertony6but players is not connected.
[2019-11-04][04:06:49]Trying to send string to playertony7but players is not connected.
[2019-11-04][04:11:28]Session opened.
[2019-11-04][04:11:41]Trying to send string to playerchangbut players is not connected.
[2019-11-04][04:11:41]Trying to send string to playerchang2but players is not connected.
[2019-11-04][04:11:41]Trying to send string to playerchang3but players is not connected.
[2019-11-04][04:11:41]Trying to send string to playertombut players is not connected.
[2019-11-04][04:11:41]Trying to send string to playertonybut players is not connected.
[2019-11-04][04:11:41]Trying to send string to playertony2but players is not connected.
[2019-11-04][04:11:41]Trying to send string to playertony3but players is not connected.
[2019-11-04][04:11:41]Trying to send string to playertony4but players is not connected.
[2019-11-04][04:11:41]Trying to send string to playertony5but players is not connected.
[2019-11-04][04:11:41]Trying to send string to playertony6but players is not connected.
[2019-11-04][04:11:41]Trying to send string to playertony7but players is not connected.
[2019-11-04][04:13:56]Session opened.
[2019-11-04][04:14:08]Trying to send string to playerchangbut players is not connected.
[2019-11-04][04:14:08]Trying to send string to playerchang2but players is not connected.
[2019-11-04][04:14:08]Trying to send string to playerchang3but players is not connected.
[2019-11-04][04:14:08]Trying to send string to playertombut players is not connected.
[2019-11-04][04:14:08]Trying to send string to playertonybut players is not connected.
[2019-11-04][04:14:08]Trying to send string to playertony2but players is not connected.
[2019-11-04][04:14:08]Trying to send string to playertony3but players is not connected.
[2019-11-04][04:14:08]Trying to send string to playertony4but players is not connected.
[2019-11-04][04:14:08]Trying to send string to playertony5but players is not connected.
[2019-11-04][04:14:08]Trying to send string to playertony6but players is not connected.
[2019-11-04][04:14:08]Trying to send string to playertony7but players is not connected.
