==================================================
User Log
==================================================


[2012.03.01] [20:30:58] Session opened.
[2012.03.01] [20:30:58] Loaded Item: LIES!!!@~
[2012.03.01] [20:30:58] Loaded Item: Short Sword (OBSOLETE, PLEASE DROP IN TOWN SQUARE)
[2012.03.01] [20:30:58] Loaded Item: Leather Armor (OBSOLETE, PLEASE DROP IN TOWN SQUARE)
[2012.03.01] [20:30:58] Loaded Item: Chainmail Armor (OBSOLETE, PLEASE DROP IN TOWN SQUARE)
[2012.03.01] [20:30:58] Loaded Item: Healing Potion (OBSOLETE, PLEASE DROP IN TOWN SQUARE)
[2012.03.01] [20:30:58] Loaded Item: Large Healing Potion (OBSOLETE, PLEASE DROP IN TOWN SQUARE)
[2012.03.01] [20:30:58] Loaded Item: Magic Sword of Killing (OBSOLETE, PLEASE DROP IN TOWN SQUARE)
[2012.03.01] [20:30:58] Loaded Item: Magic Potion of Strength (OBSOLETE, PLEASE DROP IN TOWN SQUARE)
[2012.03.01] [20:30:58] Loaded Item: Magical Flail of Piercing (OBSOLETE, PLEASE DROP IN TOWN SQUARE)
[2012.03.01] [20:30:58] Loaded Item: Mithril Armor (OBSOLETE, PLEASE DROP IN TOWN SQUARE)
[2012.03.01] [20:30:58] Loaded Item: Rusty Shank (OBSOLETE, PLEASE DROP IN TOWN SQUARE)
[2012.03.01] [20:30:58] Loaded Item: Pants (OBSOLETE, PLEASE DROP IN TOWN SQUARE)
[2012.03.01] [20:30:58] Loaded Item: Magic Potion of Agility (OBSOLETE, PLEASE DROP IN TOWN SQUARE)
[2012.03.01] [20:30:58] Loaded Item: Magic Potion of Health (OBSOLETE, PLEASE DROP IN TOWN SQUARE)
[2012.03.01] [20:30:58] Loaded Item: Magic Potion of Godliness (OBSOLETE, PLEASE DROP IN TOWN SQUARE)
[2012.03.01] [20:30:58] Loaded Item: Heavy Wooden Club (OBSOLETE, PLEASE DROP IN TOWN SQUARE)
[2012.03.01] [20:30:58] Loaded Item: Tentacle (OBSOLETE, PLEASE DROP IN TOWN SQUARE)
[2012.03.01] [20:30:58] Loaded Item: Platemail Armor (OBSOLETE, PLEASE DROP IN TOWN SQUARE)
[2012.03.01] [20:30:58] Loaded Item: Leather Armor of Agility (OBSOLETE, PLEASE DROP IN TOWN SQUARE)
[2012.03.01] [20:30:58] Loaded Item: Cloth Armor of Healing (OBSOLETE, PLEASE DROP IN TOWN SQUARE)
[2012.03.01] [20:30:58] Loaded Item: Broadsword (OBSOLETE, PLEASE DROP IN TOWN SQUARE)
[2012.03.01] [20:30:58] Loaded Item: Cloth Armor (OBSOLETE, PLEASE DROP IN TOWN SQUARE)
[2012.03.01] [20:30:58] Loaded Item: Captain Jack's Special 40oz Rum (OBSOLETE, PLEASE DROP IN TOWN SQUARE)
[2012.03.01] [20:30:58] Loaded Item: Jeweled Dagger (OBSOLETE, PLEASE DROP IN TOWN SQUARE)
[2012.03.01] [20:30:58] Loaded Item: Rock (OBSOLETE, PLEASE DROP IN TOWN SQUARE)
[2012.03.01] [20:30:58] Loaded Item: Lobster Claw (OBSOLETE, PLEASE DROP IN TOWN SQUARE)
[2012.03.01] [20:30:58] Loaded Item: Whale Fin (OBSOLETE, PLEASE DROP IN TOWN SQUARE)
[2012.03.01] [20:30:58] Loaded Item: Mutant Arm (OBSOLETE, PLEASE DROP IN TOWN SQUARE)
[2012.03.01] [20:30:58] Loaded Item: Monkey Paw (OBSOLETE, PLEASE DROP IN TOWN SQUARE)
[2012.03.01] [20:30:58] Loaded Item: Long Sword (OBSOLETE, PLEASE DROP IN TOWN SQUARE)
[2012.03.01] [20:30:58] Loaded Item: Minor Healing Potion (OBSOLETE, PLEASE DROP IN TOWN SQUARE)
[2012.03.01] [20:30:58] Loaded Item: Rapier (OBSOLETE, PLEASE DROP IN TOWN SQUARE)
[2012.03.01] [20:30:58] Loaded Item: Cutlass (OBSOLETE, PLEASE DROP IN TOWN SQUARE)
[2012.03.01] [20:30:58] Loaded Item: Golden Rapier (OBSOLETE, PLEASE DROP IN TOWN SQUARE)
[2012.03.01] [20:30:58] Loaded Item: Minor Healing Potion
[2012.03.01] [20:30:58] Loaded Item: Small Healing Potion
[2012.03.01] [20:30:58] Loaded Item: Large Healing Potion
[2012.03.01] [20:30:58] Loaded Item: Major Healing Potion
[2012.03.01] [20:30:58] Loaded Item: Super Healing Potion
[2012.03.01] [20:30:58] Loaded Item: Rusty Knife
[2012.03.01] [20:30:58] Loaded Item: Knife
[2012.03.01] [20:30:58] Loaded Item: Dagger
[2012.03.01] [20:30:58] Loaded Item: Shortsword
[2012.03.01] [20:30:58] Loaded Item: Broadsword
[2012.03.01] [20:30:58] Loaded Item: Cloth Armor
[2012.03.01] [20:30:58] Loaded Item: Leather Armor
[2012.03.01] [20:30:58] Loaded Item: Chainmail Armor
[2012.03.01] [20:30:58] Loaded Item: Scalemail Armor
[2012.03.01] [20:30:58] Loaded Item: Platemail Armor
[2012.03.01] [20:30:58] Loaded Item: Full Platemail Armor
[2012.03.01] [20:30:58] Loaded Item: Cloth Armor of Speed
[2012.03.01] [20:30:58] Loaded Item: Leather Armor of Regeneration
[2012.03.01] [20:30:58] Loaded Item: Chainmail Armor of Power
[2012.03.01] [20:30:58] Loaded Item: Scalemail Armor of Darkness
[2012.03.01] [20:30:58] Loaded Item: Platemail Armor of Power
[2012.03.01] [20:30:58] Loaded Item: Full Platemail Armor of Power
[2012.03.01] [20:30:58] Loaded Item: Tattered Robes
[2012.03.01] [20:30:58] Loaded Item: Longsword
[2012.03.01] [20:30:58] Loaded Item: Club
[2012.03.01] [20:30:58] Loaded Item: Mace
[2012.03.01] [20:30:58] Loaded Item: Heavy Longsword
[2012.03.01] [20:30:58] Loaded Item: Heavy Club
[2012.03.01] [20:30:58] Loaded Item: Jeweled Dagger
[2012.03.01] [20:30:58] Loaded Item: Jeweled Shortsword
[2012.03.01] [20:30:58] Loaded Item: Broadsword of Regeneration
[2012.03.01] [20:30:58] Loaded Item: Longsword of Power
[2012.03.01] [20:30:58] Loaded Item: Club of Smashing
[2012.03.01] [20:30:58] Loaded Item: Dagger of Precision
[2012.03.01] [20:30:58] Loaded Item: Rapier
[2012.03.01] [20:30:58] Loaded Item: Sabre
[2012.03.01] [20:30:58] Loaded Item: Cutlass
[2012.03.01] [20:30:58] Loaded Item: Golden Rapier
[2012.03.01] [20:30:58] Loaded Store: Bobs Weapon Shop
[2012.03.01] [20:30:58] Loaded Store: Samuels Armorsmith
[2012.03.01] [20:30:58] Loaded Store: The Insane Alchemist's Workshop
[2012.03.01] [20:30:58] Loaded Store: The Little Shop of Freaky Stuff
[2012.03.01] [20:30:58] Loaded Store: Sea Shanty
[2012.03.01] [20:30:58] Loaded Enemy: Rabid Monkey
[2012.03.01] [20:30:58] Loaded Enemy: Thug
[2012.03.01] [20:30:58] Loaded Enemy: Gangmember
[2012.03.01] [20:30:58] Loaded Enemy: Tentacle Monster
[2012.03.01] [20:30:58] Loaded Enemy: Abomination
[2012.03.01] [20:30:58] Loaded Enemy: Evil Squirrel
[2012.03.01] [20:30:58] Loaded Enemy: Monkey Trainer
[2012.03.01] [20:30:58] Loaded Enemy: Bandit
[2012.03.01] [20:30:58] Loaded Enemy: Mutant
[2012.03.01] [20:30:58] Loaded Enemy: Vagrant
[2012.03.01] [20:30:58] Loaded Enemy: Thief
[2012.03.01] [20:30:58] Loaded Enemy: Rock Lobster
[2012.03.01] [20:30:58] Loaded Enemy: Bikini Whale
[2012.03.01] [20:30:58] Loaded Enemy: Gang Leader
[2012.03.01] [20:30:58] Loaded Enemy: Ruffian
[2012.03.01] [20:30:58] Loaded Enemy: Robber
[2012.03.01] [20:30:58] Loaded Enemy: Corsair
[2012.03.01] [20:30:58] Loaded Enemy: Pirate
[2012.03.01] [20:30:58] Loaded Enemy: Captain Jack
[2012.03.01] [20:30:58] Loaded Enemy: Backstreet Boy
[2012.03.01] [20:31:28] 127.0.0.1 - entered login state.
[2012.03.01] [20:31:38] 127.0.0.1 - User chang entering Game state.
[2012.03.01] [20:31:38] 127.0.0.1 - User chang leaving Game state.
[2012.03.01] [20:31:45] 127.0.0.1 - User chang entering Game state.
[2012.03.01] [20:31:50] 127.0.0.1 - entered login state.
[2012.03.01] [20:31:56] 127.0.0.1 - User chang2 entering Game state.
[2012.03.01] [20:31:56] 127.0.0.1 - User chang2 leaving Game state.
[2012.03.01] [20:32:06] 127.0.0.1 - User chang2 entering Game state.
[2012.03.01] [20:32:13] 127.0.0.1 - User chang2 hung up.
[2012.03.01] [20:32:13] 127.0.0.1 - User chang2 leaving Game state.
[2012.03.01] [20:32:13] 127.0.0.1 - User chang2 logged off.
[2012.03.01] [20:33:08] 127.0.0.1 - User chang hung up.
[2012.03.01] [20:33:08] 127.0.0.1 - User chang leaving Game state.
[2012.03.01] [20:33:08] 127.0.0.1 - User chang logged off.
[2012.03.01] [20:33:11] 127.0.0.1 - entered login state.
[2012.03.01] [20:33:21] 127.0.0.1 - User chang entering Game state.
[2012.03.01] [20:33:30] 127.0.0.1 - entered login state.
[2012.03.01] [20:33:37] 127.0.0.1 - User chang2 entering Game state.
[2012.03.01] [20:33:41] 127.0.0.1 - entered login state.
[2012.03.01] [20:33:46] 127.0.0.1 - User chang3 entering Game state.
[2012.03.01] [20:33:46] 127.0.0.1 - User chang3 leaving Game state.
[2012.03.01] [20:33:51] 127.0.0.1 - User chang3 entering Game state.
[2012.03.01] [20:34:07] 127.0.0.1 - User chang3 hung up.
[2012.03.01] [20:34:07] 127.0.0.1 - User chang3 leaving Game state.
[2012.03.01] [20:34:07] 127.0.0.1 - User chang3 logged off.
[2012.03.01] [20:34:24] 127.0.0.1 - User chang hung up.
[2012.03.01] [20:34:24] 127.0.0.1 - User chang leaving Game state.
[2012.03.01] [20:34:24] 127.0.0.1 - User chang logged off.
[2012.03.01] [20:34:26] 127.0.0.1 - User chang2 hung up.
[2012.03.01] [20:34:26] 127.0.0.1 - User chang2 leaving Game state.
[2012.03.01] [20:34:26] 127.0.0.1 - User chang2 logged off.

[2019.08.04] [00:19:26] Session opened.
[2019.08.04] [00:19:26] Loaded Item: LIES!!!@~
[2019.08.04] [00:19:26] Loaded Item: Short Sword (OBSOLETE, PLEASE DROP IN TOWN SQUARE)
[2019.08.04] [00:19:26] Loaded Item: Leather Armor (OBSOLETE, PLEASE DROP IN TOWN SQUARE)
[2019.08.04] [00:19:26] Loaded Item: Chainmail Armor (OBSOLETE, PLEASE DROP IN TOWN SQUARE)
[2019.08.04] [00:19:26] Loaded Item: Healing Potion (OBSOLETE, PLEASE DROP IN TOWN SQUARE)
[2019.08.04] [00:19:26] Loaded Item: Large Healing Potion (OBSOLETE, PLEASE DROP IN TOWN SQUARE)
[2019.08.04] [00:19:26] Loaded Item: Magic Sword of Killing (OBSOLETE, PLEASE DROP IN TOWN SQUARE)
[2019.08.04] [00:19:26] Loaded Item: Magic Potion of Strength (OBSOLETE, PLEASE DROP IN TOWN SQUARE)
[2019.08.04] [00:19:26] Loaded Item: Magical Flail of Piercing (OBSOLETE, PLEASE DROP IN TOWN SQUARE)
[2019.08.04] [00:19:26] Loaded Item: Mithril Armor (OBSOLETE, PLEASE DROP IN TOWN SQUARE)
[2019.08.04] [00:19:26] Loaded Item: Rusty Shank (OBSOLETE, PLEASE DROP IN TOWN SQUARE)
[2019.08.04] [00:19:26] Loaded Item: Pants (OBSOLETE, PLEASE DROP IN TOWN SQUARE)
[2019.08.04] [00:19:26] Loaded Item: Magic Potion of Agility (OBSOLETE, PLEASE DROP IN TOWN SQUARE)
[2019.08.04] [00:19:26] Loaded Item: Magic Potion of Health (OBSOLETE, PLEASE DROP IN TOWN SQUARE)
[2019.08.04] [00:19:26] Loaded Item: Magic Potion of Godliness (OBSOLETE, PLEASE DROP IN TOWN SQUARE)
[2019.08.04] [00:19:26] Loaded Item: Heavy Wooden Club (OBSOLETE, PLEASE DROP IN TOWN SQUARE)
[2019.08.04] [00:19:26] Loaded Item: Tentacle (OBSOLETE, PLEASE DROP IN TOWN SQUARE)
[2019.08.04] [00:19:26] Loaded Item: Platemail Armor (OBSOLETE, PLEASE DROP IN TOWN SQUARE)
[2019.08.04] [00:19:26] Loaded Item: Leather Armor of Agility (OBSOLETE, PLEASE DROP IN TOWN SQUARE)
[2019.08.04] [00:19:26] Loaded Item: Cloth Armor of Healing (OBSOLETE, PLEASE DROP IN TOWN SQUARE)
[2019.08.04] [00:19:26] Loaded Item: Broadsword (OBSOLETE, PLEASE DROP IN TOWN SQUARE)
[2019.08.04] [00:19:26] Loaded Item: Cloth Armor (OBSOLETE, PLEASE DROP IN TOWN SQUARE)
[2019.08.04] [00:19:26] Loaded Item: Captain Jack's Special 40oz Rum (OBSOLETE, PLEASE DROP IN TOWN SQUARE)
[2019.08.04] [00:19:26] Loaded Item: Jeweled Dagger (OBSOLETE, PLEASE DROP IN TOWN SQUARE)
[2019.08.04] [00:19:26] Loaded Item: Rock (OBSOLETE, PLEASE DROP IN TOWN SQUARE)
[2019.08.04] [00:19:26] Loaded Item: Lobster Claw (OBSOLETE, PLEASE DROP IN TOWN SQUARE)
[2019.08.04] [00:19:26] Loaded Item: Whale Fin (OBSOLETE, PLEASE DROP IN TOWN SQUARE)
[2019.08.04] [00:19:26] Loaded Item: Mutant Arm (OBSOLETE, PLEASE DROP IN TOWN SQUARE)
[2019.08.04] [00:19:26] Loaded Item: Monkey Paw (OBSOLETE, PLEASE DROP IN TOWN SQUARE)
[2019.08.04] [00:19:26] Loaded Item: Long Sword (OBSOLETE, PLEASE DROP IN TOWN SQUARE)
[2019.08.04] [00:19:26] Loaded Item: Minor Healing Potion (OBSOLETE, PLEASE DROP IN TOWN SQUARE)
[2019.08.04] [00:19:26] Loaded Item: Rapier (OBSOLETE, PLEASE DROP IN TOWN SQUARE)
[2019.08.04] [00:19:26] Loaded Item: Cutlass (OBSOLETE, PLEASE DROP IN TOWN SQUARE)
[2019.08.04] [00:19:26] Loaded Item: Golden Rapier (OBSOLETE, PLEASE DROP IN TOWN SQUARE)
[2019.08.04] [00:19:26] Loaded Item: Minor Healing Potion
[2019.08.04] [00:19:26] Loaded Item: Small Healing Potion
[2019.08.04] [00:19:26] Loaded Item: Large Healing Potion
[2019.08.04] [00:19:26] Loaded Item: Major Healing Potion
[2019.08.04] [00:19:26] Loaded Item: Super Healing Potion
[2019.08.04] [00:19:26] Loaded Item: Rusty Knife
[2019.08.04] [00:19:26] Loaded Item: Knife
[2019.08.04] [00:19:26] Loaded Item: Dagger
[2019.08.04] [00:19:26] Loaded Item: Shortsword
[2019.08.04] [00:19:26] Loaded Item: Broadsword
[2019.08.04] [00:19:26] Loaded Item: Cloth Armor
[2019.08.04] [00:19:26] Loaded Item: Leather Armor
[2019.08.04] [00:19:26] Loaded Item: Chainmail Armor
[2019.08.04] [00:19:26] Loaded Item: Scalemail Armor
[2019.08.04] [00:19:26] Loaded Item: Platemail Armor
[2019.08.04] [00:19:26] Loaded Item: Full Platemail Armor
[2019.08.04] [00:19:26] Loaded Item: Cloth Armor of Speed
[2019.08.04] [00:19:26] Loaded Item: Leather Armor of Regeneration
[2019.08.04] [00:19:26] Loaded Item: Chainmail Armor of Power
[2019.08.04] [00:19:26] Loaded Item: Scalemail Armor of Darkness
[2019.08.04] [00:19:26] Loaded Item: Platemail Armor of Power
[2019.08.04] [00:19:26] Loaded Item: Full Platemail Armor of Power
[2019.08.04] [00:19:26] Loaded Item: Tattered Robes
[2019.08.04] [00:19:26] Loaded Item: Longsword
[2019.08.04] [00:19:26] Loaded Item: Club
[2019.08.04] [00:19:26] Loaded Item: Mace
[2019.08.04] [00:19:26] Loaded Item: Heavy Longsword
[2019.08.04] [00:19:26] Loaded Item: Heavy Club
[2019.08.04] [00:19:26] Loaded Item: Jeweled Dagger
[2019.08.04] [00:19:26] Loaded Item: Jeweled Shortsword
[2019.08.04] [00:19:26] Loaded Item: Broadsword of Regeneration
[2019.08.04] [00:19:26] Loaded Item: Longsword of Power
[2019.08.04] [00:19:26] Loaded Item: Club of Smashing
[2019.08.04] [00:19:26] Loaded Item: Dagger of Precision
[2019.08.04] [00:19:26] Loaded Item: Rapier
[2019.08.04] [00:19:26] Loaded Item: Sabre
[2019.08.04] [00:19:26] Loaded Item: Cutlass
[2019.08.04] [00:19:26] Loaded Item: Golden Rapier
[2019.08.04] [00:19:26] Loaded Player: chang
[2019.08.04] [00:19:26] Loaded Player: chang2
[2019.08.04] [00:19:26] Loaded Player: chang3
[2019.08.04] [00:19:26] Loaded Store: Bobs Weapon Shop
[2019.08.04] [00:19:26] Loaded Store: Samuels Armorsmith
[2019.08.04] [00:19:26] Loaded Store: The Insane Alchemist's Workshop
[2019.08.04] [00:19:26] Loaded Store: The Little Shop of Freaky Stuff
[2019.08.04] [00:19:26] Loaded Store: Sea Shanty
[2019.08.04] [00:19:26] Loaded Enemy: Rabid Monkey
[2019.08.04] [00:19:26] Loaded Enemy: Thug
[2019.08.04] [00:19:26] Loaded Enemy: Gangmember
[2019.08.04] [00:19:26] Loaded Enemy: Tentacle Monster
[2019.08.04] [00:19:26] Loaded Enemy: Abomination
[2019.08.04] [00:19:26] Loaded Enemy: Evil Squirrel
[2019.08.04] [00:19:26] Loaded Enemy: Monkey Trainer
[2019.08.04] [00:19:26] Loaded Enemy: Bandit
[2019.08.04] [00:19:26] Loaded Enemy: Mutant
[2019.08.04] [00:19:26] Loaded Enemy: Vagrant
[2019.08.04] [00:19:26] Loaded Enemy: Thief
[2019.08.04] [00:19:26] Loaded Enemy: Rock Lobster
[2019.08.04] [00:19:26] Loaded Enemy: Bikini Whale
[2019.08.04] [00:19:26] Loaded Enemy: Gang Leader
[2019.08.04] [00:19:26] Loaded Enemy: Ruffian
[2019.08.04] [00:19:26] Loaded Enemy: Robber
[2019.08.04] [00:19:26] Loaded Enemy: Corsair
[2019.08.04] [00:19:26] Loaded Enemy: Pirate
[2019.08.04] [00:19:26] Loaded Enemy: Captain Jack
[2019.08.04] [00:19:26] Loaded Enemy: Backstreet Boy
